<?xml version="1.0" encoding="UTF-8"?>
<testng-results skipped="0" failed="0" ignored="0" total="1" passed="1">
  <reporter-output>
  </reporter-output>
  <suite name="Suite" duration-ms="10681" started-at="2021-04-14T10:25:13Z" finished-at="2021-04-14T10:25:24Z">
    <groups>
    </groups>
    <test name="Test" duration-ms="10681" started-at="2021-04-14T10:25:13Z" finished-at="2021-04-14T10:25:24Z">
      <class name="com.mindtree.Runner.ForTestng">
        <test-method status="PASS" signature="setUp()[pri:0, instance:com.mindtree.Runner.ForTestng@143640d5]" name="setUp" is-config="true" duration-ms="5926" started-at="2021-04-14T10:25:13Z" finished-at="2021-04-14T10:25:19Z">
          <reporter-output>
          </reporter-output>
        </test-method> <!-- setUp -->
        <test-method status="PASS" signature="testScript()[pri:0, instance:com.mindtree.Runner.ForTestng@143640d5]" name="testScript" duration-ms="4741" started-at="2021-04-14T10:25:19Z" finished-at="2021-04-14T10:25:24Z">
          <reporter-output>
          </reporter-output>
        </test-method> <!-- testScript -->
      </class> <!-- com.mindtree.Runner.ForTestng -->
    </test> <!-- Test -->
  </suite> <!-- Suite -->
</testng-results>
